# JRE version: Java(TM) SE Runtime Environment (7.0_79-b15) (build 1.7.0_79-b15)
# Java VM: Java HotSpot(TM) 64-Bit Server VM (24.79-b02 mixed mode windows-amd64 compressed oops)
Heap
 PSYoungGen      total 332800K, used 198317K [0x00000000eaa80000, 0x0000000100000000, 0x0000000100000000)
  eden space 318976K, 62% used [0x00000000eaa80000,0x00000000f6c2b588,0x00000000fe200000)
  from space 13824K, 0% used [0x00000000ff280000,0x00000000ff280000,0x0000000100000000)
  to   space 15360K, 0% used [0x00000000fe200000,0x00000000fe200000,0x00000000ff100000)
 ParOldGen       total 71680K, used 32977K [0x00000000c0000000, 0x00000000c4600000, 0x00000000eaa80000)
  object space 71680K, 46% used [0x00000000c0000000,0x00000000c20346e0,0x00000000c4600000)
 PSPermGen       total 21504K, used 4899K [0x00000000bae00000, 0x00000000bc300000, 0x00000000c0000000)
  object space 21504K, 22% used [0x00000000bae00000,0x00000000bb2c8e28,0x00000000bc300000)
GC Heap History (10 events):
Event: 5.449 GC heap before
{Heap before GC invocations=7 (full 0):
 PSYoungGen      total 209920K, used 209128K [0x00000000eaa80000, 0x00000000f8680000, 0x0000000100000000)
  eden space 199168K, 100% used [0x00000000eaa80000,0x00000000f6d00000,0x00000000f6d00000)
  from space 10752K, 92% used [0x00000000f7900000,0x00000000f82ba1e8,0x00000000f8380000)
  to   space 12288K, 0% used [0x00000000f6d00000,0x00000000f6d00000,0x00000000f7900000)
 ParOldGen       total 64512K, used 17392K [0x00000000c0000000, 0x00000000c3f00000, 0x00000000eaa80000)
  object space 64512K, 26% used [0x00000000c0000000,0x00000000c10fc158,0x00000000c3f00000)
 PSPermGen       total 21504K, used 4887K [0x00000000bae00000, 0x00000000bc300000, 0x00000000c0000000)
  object space 21504K, 22% used [0x00000000bae00000,0x00000000bb2c5e00,0x00000000bc300000)
Event: 5.467 GC heap after
Heap after GC invocations=7 (full 0):
 PSYoungGen      total 211456K, used 11206K [0x00000000eaa80000, 0x0000000100000000, 0x0000000100000000)
  eden space 199168K, 0% used [0x00000000eaa80000,0x00000000eaa80000,0x00000000f6d00000)
  from space 12288K, 91% used [0x00000000f6d00000,0x00000000f77f18e8,0x00000000f7900000)
  to   space 13312K, 0% used [0x00000000ff300000,0x00000000ff300000,0x0000000100000000)
 ParOldGen       total 64512K, used 18025K [0x00000000c0000000, 0x00000000c3f00000, 0x00000000eaa80000)
  object space 64512K, 27% used [0x00000000c0000000,0x00000000c119a4f0,0x00000000c3f00000)
 PSPermGen       total 21504K, used 4887K [0x00000000bae00000, 0x00000000bc300000, 0x00000000c0000000)
  object space 21504K, 22% used [0x00000000bae00000,0x00000000bb2c5e00,0x00000000bc300000)
}
Event: 6.797 GC heap before
{Heap before GC invocations=8 (full 0):
 PSYoungGen      total 211456K, used 210374K [0x00000000eaa80000, 0x0000000100000000, 0x0000000100000000)
  eden space 199168K, 100% used [0x00000000eaa80000,0x00000000f6d00000,0x00000000f6d00000)
  from space 12288K, 91% used [0x00000000f6d00000,0x00000000f77f18e8,0x00000000f7900000)
  to   space 13312K, 0% used [0x00000000ff300000,0x00000000ff300000,0x0000000100000000)
 ParOldGen       total 64512K, used 18025K [0x00000000c0000000, 0x00000000c3f00000, 0x00000000eaa80000)
  object space 64512K, 27% used [0x00000000c0000000,0x00000000c119a4f0,0x00000000c3f00000)
 PSPermGen       total 21504K, used 4891K [0x00000000bae00000, 0x00000000bc300000, 0x00000000c0000000)
  object space 21504K, 22% used [0x00000000bae00000,0x00000000bb2c6c10,0x00000000bc300000)
Event: 6.861 GC heap after
Heap after GC invocations=8 (full 0):
 PSYoungGen      total 336384K, used 9299K [0x00000000eaa80000, 0x0000000100000000, 0x0000000100000000)
  eden space 323072K, 0% used [0x00000000eaa80000,0x00000000eaa80000,0x00000000fe600000)
  from space 13312K, 69% used [0x00000000ff300000,0x00000000ffc14e80,0x0000000100000000)
  to   space 13312K, 0% used [0x00000000fe600000,0x00000000fe600000,0x00000000ff300000)
 ParOldGen       total 64512K, used 35158K [0x00000000c0000000, 0x00000000c3f00000, 0x00000000eaa80000)
  object space 64512K, 54% used [0x00000000c0000000,0x00000000c22558f0,0x00000000c3f00000)
 PSPermGen       total 21504K, used 4891K [0x00000000bae00000, 0x00000000bc300000, 0x00000000c0000000)
  object space 21504K, 22% used [0x00000000bae00000,0x00000000bb2c6c10,0x00000000bc300000)
}
Event: 9.419 GC heap before
{Heap before GC invocations=9 (full 0):
 PSYoungGen      total 336384K, used 332371K [0x00000000eaa80000, 0x0000000100000000, 0x0000000100000000)
  eden space 323072K, 100% used [0x00000000eaa80000,0x00000000fe600000,0x00000000fe600000)
  from space 13312K, 69% used [0x00000000ff300000,0x00000000ffc14e80,0x0000000100000000)
  to   space 13312K, 0% used [0x00000000fe600000,0x00000000fe600000,0x00000000ff300000)
 ParOldGen       total 64512K, used 35158K [0x00000000c0000000, 0x00000000c3f00000, 0x00000000eaa80000)
  object space 64512K, 54% used [0x00000000c0000000,0x00000000c22558f0,0x00000000c3f00000)
 PSPermGen       total 21504K, used 4897K [0x00000000bae00000, 0x00000000bc300000, 0x00000000c0000000)
  object space 21504K, 22% used [0x00000000bae00000,0x00000000bb2c8450,0x00000000bc300000)
Event: 9.463 GC heap after
Heap after GC invocations=9 (full 0):
 PSYoungGen      total 333824K, used 10689K [0x00000000eaa80000, 0x0000000100000000, 0x0000000100000000)
  eden space 323072K, 0% used [0x00000000eaa80000,0x00000000eaa80000,0x00000000fe600000)
  from space 10752K, 99% used [0x00000000fe600000,0x00000000ff070638,0x00000000ff080000)
  to   space 13824K, 0% used [0x00000000ff280000,0x00000000ff280000,0x0000000100000000)
 ParOldGen       total 64512K, used 47585K [0x00000000c0000000, 0x00000000c3f00000, 0x00000000eaa80000)
  object space 64512K, 73% used [0x00000000c0000000,0x00000000c2e787b0,0x00000000c3f00000)
 PSPermGen       total 21504K, used 4897K [0x00000000bae00000, 0x00000000bc300000, 0x00000000c0000000)
  object space 21504K, 22% used [0x00000000bae00000,0x00000000bb2c8450,0x00000000bc300000)
}
Event: 11.090 GC heap before
{Heap before GC invocations=10 (full 0):
 PSYoungGen      total 333824K, used 333761K [0x00000000eaa80000, 0x0000000100000000, 0x0000000100000000)
  eden space 323072K, 100% used [0x00000000eaa80000,0x00000000fe600000,0x00000000fe600000)
  from space 10752K, 99% used [0x00000000fe600000,0x00000000ff070638,0x00000000ff080000)
  to   space 13824K, 0% used [0x00000000ff280000,0x00000000ff280000,0x0000000100000000)
 ParOldGen       total 64512K, used 47585K [0x00000000c0000000, 0x00000000c3f00000, 0x00000000eaa80000)
  object space 64512K, 73% used [0x00000000c0000000,0x00000000c2e787b0,0x00000000c3f00000)
 PSPermGen       total 21504K, used 4901K [0x00000000bae00000, 0x00000000bc300000, 0x00000000c0000000)
  object space 21504K, 22% used [0x00000000bae00000,0x00000000bb2c9738,0x00000000bc300000)
Event: 11.129 GC heap after
Heap after GC invocations=10 (full 0):
 PSYoungGen      total 332800K, used 13607K [0x00000000eaa80000, 0x0000000100000000, 0x0000000100000000)
  eden space 318976K, 0% used [0x00000000eaa80000,0x00000000eaa80000,0x00000000fe200000)
  from space 13824K, 98% used [0x00000000ff280000,0x00000000fffc9fe8,0x0000000100000000)
  to   space 15360K, 0% used [0x00000000fe200000,0x00000000fe200000,0x00000000ff100000)
 ParOldGen       total 71680K, used 67669K [0x00000000c0000000, 0x00000000c4600000, 0x00000000eaa80000)
  object space 71680K, 94% used [0x00000000c0000000,0x00000000c4215630,0x00000000c4600000)
 PSPermGen       total 21504K, used 4901K [0x00000000bae00000, 0x00000000bc300000, 0x00000000c0000000)
  object space 21504K, 22% used [0x00000000bae00000,0x00000000bb2c9738,0x00000000bc300000)
}
Event: 11.130 GC heap before
{Heap before GC invocations=11 (full 1):
 PSYoungGen      total 332800K, used 13607K [0x00000000eaa80000, 0x0000000100000000, 0x0000000100000000)
  eden space 318976K, 0% used [0x00000000eaa80000,0x00000000eaa80000,0x00000000fe200000)
  from space 13824K, 98% used [0x00000000ff280000,0x00000000fffc9fe8,0x0000000100000000)
  to   space 15360K, 0% used [0x00000000fe200000,0x00000000fe200000,0x00000000ff100000)
 ParOldGen       total 71680K, used 67669K [0x00000000c0000000, 0x00000000c4600000, 0x00000000eaa80000)
  object space 71680K, 94% used [0x00000000c0000000,0x00000000c4215630,0x00000000c4600000)
 PSPermGen       total 21504K, used 4901K [0x00000000bae00000, 0x00000000bc300000, 0x00000000c0000000)
  object space 21504K, 22% used [0x00000000bae00000,0x00000000bb2c9738,0x00000000bc300000)
Event: 11.192 GC heap after
Heap after GC invocations=11 (full 1):
 PSYoungGen      total 332800K, used 0K [0x00000000eaa80000, 0x0000000100000000, 0x0000000100000000)
  eden space 318976K, 0% used [0x00000000eaa80000,0x00000000eaa80000,0x00000000fe200000)
  from space 13824K, 0% used [0x00000000ff280000,0x00000000ff280000,0x0000000100000000)
  to   space 15360K, 0% used [0x00000000fe200000,0x00000000fe200000,0x00000000ff100000)
 ParOldGen       total 71680K, used 32977K [0x00000000c0000000, 0x00000000c4600000, 0x00000000eaa80000)
  object space 71680K, 46% used [0x00000000c0000000,0x00000000c20346e0,0x00000000c4600000)
 PSPermGen       total 21504K, used 4899K [0x00000000bae00000, 0x00000000bc300000, 0x00000000c0000000)
  object space 21504K, 22% used [0x00000000bae00000,0x00000000bb2c8e28,0x00000000bc300000)
}

